<?xml version="1.0" encoding="UTF-8"?>
<!-- Generated by org.testng.reporters.JUnitXMLReporter -->
<testsuite ignored="0" hostname="LAPTOP-3U8OLR21" failures="0" tests="3" name="Chrome Test" time="13.698" errors="0" timestamp="2024-11-13T13:45:09 EST">
  <testcase classname="com.tests.LoginTest" name="verifyLoginPageTitleTest" time="0.067"/>
  <testcase classname="com.tests.LoginTest" name="verifyLoginPageHeaderTest" time="0.034"/>
  <testcase classname="com.tests.LoginTest" name="doValidLoginTest" time="0.769"/>
</testsuite> <!-- Chrome Test -->
