<?xml version="1.0" encoding="UTF-8"?>
<!-- Generated by org.testng.reporters.JUnitXMLReporter -->
<testsuite ignored="0" hostname="LAPTOP-3U8OLR21" failures="0" tests="3" name="Firefox Test" time="2.388" errors="0" timestamp="2024-11-12T19:16:11 EST">
  <testcase classname="com.tests.LoginTest" name="verifyLoginPageTitleTest" time="0.0">
    <skipped/>
  </testcase> <!-- verifyLoginPageTitleTest -->
  <testcase classname="com.tests.LoginTest" name="verifyLoginPageHeaderTest" time="0.0">
    <skipped/>
  </testcase> <!-- verifyLoginPageHeaderTest -->
  <testcase classname="com.tests.LoginTest" name="doValidLoginTest" time="0.0">
    <skipped/>
  </testcase> <!-- doValidLoginTest -->
</testsuite> <!-- Firefox Test -->
